<?xml version="1.0" encoding="UTF-8"?>
<testng-results total="1" passed="1" failed="0" skipped="0">
  <reporter-output>
  </reporter-output>
  <suite started-at="2020-03-05T09:20:57Z" name="Default suite" finished-at="2020-03-05T09:22:04Z" duration-ms="66408">
    <groups>
      <group name="cucumber">
        <method signature="AbstractTestNGCucumberTests.feature(cucumber.api.testng.CucumberFeatureWrapper)[pri:0, instance:runner.Runner@5bfa9431]" name="feature" class="cucumber.api.testng.AbstractTestNGCucumberTests"/>
      </group> <!-- cucumber -->
    </groups>
    <test started-at="2020-03-05T09:20:57Z" name="Default test" finished-at="2020-03-05T09:22:04Z" duration-ms="66408">
      <class name="runner.Runner">
        <test-method is-config="true" signature="setUpClass()[pri:0, instance:runner.Runner@5bfa9431]" started-at="2020-03-05T14:50:57Z" name="setUpClass" finished-at="2020-03-05T14:50:58Z" duration-ms="337" status="PASS">
          <reporter-output>
          </reporter-output>
        </test-method> <!-- setUpClass -->
        <test-method is-config="true" signature="setup()[pri:0, instance:runner.Runner@5bfa9431]" started-at="2020-03-05T14:50:58Z" name="setup" finished-at="2020-03-05T14:50:58Z" duration-ms="0" status="PASS">
          <reporter-output>
          </reporter-output>
        </test-method> <!-- setup -->
        <test-method signature="feature(cucumber.api.testng.CucumberFeatureWrapper)[pri:0, instance:runner.Runner@5bfa9431]" started-at="2020-03-05T14:50:58Z" name="feature" description="Runs Cucumber Feature" data-provider="features" finished-at="2020-03-05T14:52:03Z" duration-ms="65183" status="PASS">
          <params>
            <param index="0">
              <value>
                <![CDATA[Login to the omayo application]]>
              </value>
            </param>
          </params>
          <reporter-output>
          </reporter-output>
        </test-method> <!-- feature -->
        <test-method is-config="true" signature="teardown()[pri:0, instance:runner.Runner@5bfa9431]" started-at="2020-03-05T14:52:03Z" name="teardown" finished-at="2020-03-05T14:52:03Z" duration-ms="6" status="PASS">
          <reporter-output>
          </reporter-output>
        </test-method> <!-- teardown -->
        <test-method is-config="true" signature="tearDownClass()[pri:0, instance:runner.Runner@5bfa9431]" started-at="2020-03-05T14:52:03Z" name="tearDownClass" finished-at="2020-03-05T14:52:04Z" duration-ms="725" status="PASS">
          <reporter-output>
          </reporter-output>
        </test-method> <!-- tearDownClass -->
      </class> <!-- runner.Runner -->
    </test> <!-- Default test -->
  </suite> <!-- Default suite -->
</testng-results>
